<?xml version="1.0" encoding="UTF-8"?>
<testsuite xmlns:xsi="http://www.w3.org/2001/XMLSchema-instance" xsi:noNamespaceSchemaLocation="https://maven.apache.org/surefire/maven-surefire-plugin/xsd/surefire-test-report.xsd" name="com.vitrinbox.vitrinbox.ApiApplicationTests" time="0.652" tests="1" errors="1" skipped="0" failures="0">
  <properties>
[...]
</properties>
  <testcase name="com.vitrinbox.vitrinbox.ApiApplicationTests" classname="com.vitrinbox.vitrinbox.ApiApplicationTests" time="0.651">
    <error message="Unable to find a @SpringBootConfiguration, you need to use @ContextConfiguration or @SpringBootTest(classes=...) with your test" type="java.lang.IllegalStateException">java.lang.IllegalStateException: Unable to find a @SpringBootConfiguration, you need to use @ContextConfiguration or @SpringBootTest(classes=...) with your test
</error>
    <system-out><![CDATA[14:47:30.026 [main] DEBUG org.springframework.test.context.BootstrapUtils - Instantiating CacheAwareContextLoaderDelegate from class [org.springframework.test.context.cache.DefaultCacheAwareContextLoaderDelegate]
14:47:30.056 [main] DEBUG org.springframework.test.context.BootstrapUtils - Instantiating BootstrapContext using constructor [public org.springframework.test.context.support.DefaultBootstrapContext(java.lang.Class,org.springframework.test.context.CacheAwareContextLoaderDelegate)]
14:47:30.126 [main] DEBUG org.springframework.test.context.BootstrapUtils - Instantiating TestContextBootstrapper for test class [com.vitrinbox.vitrinbox.ApiApplicationTests] from class [org.springframework.boot.test.context.SpringBootTestContextBootstrapper]
14:47:30.175 [main] INFO org.springframework.boot.test.context.SpringBootTestContextBootstrapper - Neither @ContextConfiguration nor @ContextHierarchy found for test class [com.vitrinbox.vitrinbox.ApiApplicationTests], using SpringBootContextLoader
14:47:30.206 [main] DEBUG org.springframework.test.context.support.AbstractContextLoader - Did not detect default resource location for test class [com.vitrinbox.vitrinbox.ApiApplicationTests]: class path resource [com/vitrinbox/vitrinbox/ApiApplicationTests-context.xml] does not exist
14:47:30.207 [main] DEBUG org.springframework.test.context.support.AbstractContextLoader - Did not detect default resource location for test class [com.vitrinbox.vitrinbox.ApiApplicationTests]: class path resource [com/vitrinbox/vitrinbox/ApiApplicationTestsContext.groovy] does not exist
14:47:30.207 [main] INFO org.springframework.test.context.support.AbstractContextLoader - Could not detect default resource locations for test class [com.vitrinbox.vitrinbox.ApiApplicationTests]: no resource found for suffixes {-context.xml, Context.groovy}.
14:47:30.208 [main] INFO org.springframework.test.context.support.AnnotationConfigContextLoaderUtils - Could not detect default configuration classes for test class [com.vitrinbox.vitrinbox.ApiApplicationTests]: ApiApplicationTests does not declare any static, non-private, non-final, nested classes annotated with @Configuration.
14:47:30.406 [main] DEBUG org.springframework.test.context.support.ActiveProfilesUtils - Could not find an 'annotation declaring class' for annotation type [org.springframework.test.context.ActiveProfiles] and class [com.vitrinbox.vitrinbox.ApiApplicationTests]
]]></system-out>
  </testcase>
</testsuite>